Get : id1in the extent server
Get : id1in the extent server
Get : id1in the extent server
Get : id1in the extent server
Get : id1in the extent server
Get : id1in the extent server
Get : id1in the extent server
Get : id1in the extent server
Get : id1in the extent server
Get : id1in the extent server
Get : id1in the extent server
RPC STATS: 1 2 6002 12 6003 11 
Get : id1in the extent server
Get : id1in the extent server
Get : id1in the extent server
Get : id1in the extent server
Get : id1in the extent server
Put : id1in the extent server
Got lc:
Realease lc:
Get : id1in the extent server
Put : id808199773in the extent server
Got lc:
Realease lc:
Get : id808199773in the extent server
Put : id1in the extent server
Got lc:
Realease lc:
Get : id1in the extent server
Get : id808199773in the extent server
Get : id1in the extent server
Get : id1in the extent server
RPC STATS: 1 2 6001 3 6002 23 6003 22 
Get : id1in the extent server
Get : id1in the extent server
Put : id1in the extent server
Got lc:
Realease lc:
Get : id1in the extent server
Put : id1in the extent server
Got lc:
Realease lc:
Get : id1in the extent server
Put : id1in the extent server
Got lc:
Realease lc:
Get : id1in the extent server
Put : id1in the extent server
Got lc:
Realease lc:
Get : id1in the extent server
Put : id1in the extent server
Got lc:
Realease lc:
Get : id1in the extent server
Get : id1in the extent server
Put : id1in the extent server
Got lc:
Realease lc:
Get : id1in the extent server
Get : id1in the extent server
RPC STATS: 1 2 6001 9 6002 32 6003 32 
Get : id1in the extent server
Get : id1in the extent server
Get : id1in the extent server
Get : id1in the extent server
Get : id1in the extent server
Get : id1in the extent server
Get : id1in the extent server
Get : id1in the extent server
Get : id1in the extent server
Get : id1in the extent server
Get : id1in the extent server
Get : id1in the extent server
RPC STATS: 1 2 6001 10 6002 44 6003 44 
Put : id1in the extent server
Got lc:
Realease lc:
Get : id1in the extent server
Get : id1in the extent server
Get : id1in the extent server
Get : id1in the extent server
Get : id1in the extent server
Get : id1in the extent server
Get : id1in the extent server
Put : id1in the extent server
Got lc:
Realease lc:
Get : id1in the extent server
Put : id1in the extent server
Got lc:
Realease lc:
Get : id1in the extent server
Get : id1in the extent server
Put : id1in the extent server
Got lc:
Realease lc:
Get : id1in the extent server
RPC STATS: 1 2 6001 13 6002 55 6003 55 
Put : id1in the extent server
Got lc:
Realease lc:
Get : id1in the extent server
