FUSE library version: 2.9.0
unique: 1, opcode: INIT (26), nodeid: 0, insize: 56, pid: 0
INIT: 7.16
flags=0x0000007b
max_readahead=0x00020000
   INIT: 7.18
   flags=0x00000000
   max_readahead=0x00020000
   max_write=0x00020000
   max_background=0
   congestion_threshold=0
   unique: 1, success, outsize: 40
unique: 2, opcode: LOOKUP (1), nodeid: 1, insize: 47, pid: 1897
get file or dir content  0000000000000001
   unique: 2, error: -2 (No such file or directory), outsize: 16
unique: 3, opcode: LOOKUP (1), nodeid: 1, insize: 52, pid: 1897
get file or dir content  0000000000000001
   unique: 3, error: -2 (No such file or directory), outsize: 16
unique: 4, opcode: LOOKUP (1), nodeid: 1, insize: 57, pid: 11961
get file or dir content  0000000000000001
   unique: 4, error: -2 (No such file or directory), outsize: 16
unique: 5, opcode: OPENDIR (27), nodeid: 1, insize: 48, pid: 1810
   unique: 5, success, outsize: 32
unique: 6, opcode: LOOKUP (1), nodeid: 1, insize: 52, pid: 11967
get file or dir content  0000000000000001
   unique: 6, error: -2 (No such file or directory), outsize: 16
unique: 7, opcode: READDIR (28), nodeid: 1, insize: 80, pid: 1810
fuseserver_readdir
get file or dir content  0000000000000001
   unique: 7, success, outsize: 16
unique: 8, opcode: RELEASEDIR (29), nodeid: 1, insize: 64, pid: 0
   unique: 8, success, outsize: 16
unique: 9, opcode: OPENDIR (27), nodeid: 1, insize: 48, pid: 1810
   unique: 9, success, outsize: 32
unique: 10, opcode: READDIR (28), nodeid: 1, insize: 80, pid: 1810
fuseserver_readdir
get file or dir content  0000000000000001
   unique: 10, success, outsize: 16
unique: 11, opcode: RELEASEDIR (29), nodeid: 1, insize: 64, pid: 0
   unique: 11, success, outsize: 16
unique: 12, opcode: OPENDIR (27), nodeid: 1, insize: 48, pid: 1810
   unique: 12, success, outsize: 32
unique: 13, opcode: READDIR (28), nodeid: 1, insize: 80, pid: 1810
fuseserver_readdir
get file or dir content  0000000000000001
   unique: 13, success, outsize: 16
unique: 14, opcode: RELEASEDIR (29), nodeid: 1, insize: 64, pid: 0
   unique: 14, success, outsize: 16
unique: 15, opcode: OPENDIR (27), nodeid: 1, insize: 48, pid: 1810
   unique: 15, success, outsize: 32
unique: 16, opcode: READDIR (28), nodeid: 1, insize: 80, pid: 1810
fuseserver_readdir
get file or dir content  0000000000000001
   unique: 16, success, outsize: 16
unique: 17, opcode: RELEASEDIR (29), nodeid: 1, insize: 64, pid: 0
   unique: 17, success, outsize: 16
unique: 18, opcode: OPENDIR (27), nodeid: 1, insize: 48, pid: 1810
   unique: 18, success, outsize: 32
unique: 19, opcode: READDIR (28), nodeid: 1, insize: 80, pid: 1810
fuseserver_readdir
get file or dir content  0000000000000001
   unique: 19, success, outsize: 16
unique: 20, opcode: RELEASEDIR (29), nodeid: 1, insize: 64, pid: 0
   unique: 20, success, outsize: 16
unique: 21, opcode: OPENDIR (27), nodeid: 1, insize: 48, pid: 1810
   unique: 21, success, outsize: 32
unique: 22, opcode: READDIR (28), nodeid: 1, insize: 80, pid: 1810
fuseserver_readdir
get file or dir content  0000000000000001
   unique: 22, success, outsize: 16
unique: 23, opcode: RELEASEDIR (29), nodeid: 1, insize: 64, pid: 0
   unique: 23, success, outsize: 16
unique: 24, opcode: OPENDIR (27), nodeid: 1, insize: 48, pid: 1810
   unique: 24, success, outsize: 32
unique: 25, opcode: READDIR (28), nodeid: 1, insize: 80, pid: 1810
fuseserver_readdir
get file or dir content  0000000000000001
   unique: 25, success, outsize: 16
unique: 26, opcode: RELEASEDIR (29), nodeid: 1, insize: 64, pid: 0
   unique: 26, success, outsize: 16
unique: 27, opcode: OPENDIR (27), nodeid: 1, insize: 48, pid: 1810
   unique: 27, success, outsize: 32
unique: 28, opcode: READDIR (28), nodeid: 1, insize: 80, pid: 1810
fuseserver_readdir
get file or dir content  0000000000000001
   unique: 28, success, outsize: 16
unique: 29, opcode: RELEASEDIR (29), nodeid: 1, insize: 64, pid: 0
   unique: 29, success, outsize: 16
unique: 30, opcode: OPENDIR (27), nodeid: 1, insize: 48, pid: 1810
   unique: 30, success, outsize: 32
unique: 31, opcode: READDIR (28), nodeid: 1, insize: 80, pid: 1810
fuseserver_readdir
get file or dir content  0000000000000001
   unique: 31, success, outsize: 16
unique: 32, opcode: RELEASEDIR (29), nodeid: 1, insize: 64, pid: 0
   unique: 32, success, outsize: 16
unique: 33, opcode: OPENDIR (27), nodeid: 1, insize: 48, pid: 1810
   unique: 33, success, outsize: 32
unique: 34, opcode: READDIR (28), nodeid: 1, insize: 80, pid: 1810
fuseserver_readdir
get file or dir content  0000000000000001
   unique: 34, success, outsize: 16
unique: 35, opcode: RELEASEDIR (29), nodeid: 1, insize: 64, pid: 0
   unique: 35, success, outsize: 16
unique: 36, opcode: OPENDIR (27), nodeid: 1, insize: 48, pid: 1810
   unique: 36, success, outsize: 32
unique: 37, opcode: READDIR (28), nodeid: 1, insize: 80, pid: 1810
fuseserver_readdir
get file or dir content  0000000000000001
   unique: 37, success, outsize: 16
unique: 38, opcode: RELEASEDIR (29), nodeid: 1, insize: 64, pid: 0
   unique: 38, success, outsize: 16
unique: 39, opcode: OPENDIR (27), nodeid: 1, insize: 48, pid: 1810
   unique: 39, success, outsize: 32
unique: 40, opcode: READDIR (28), nodeid: 1, insize: 80, pid: 1810
fuseserver_readdir
get file or dir content  0000000000000001
   unique: 40, success, outsize: 16
unique: 41, opcode: RELEASEDIR (29), nodeid: 1, insize: 64, pid: 0
   unique: 41, success, outsize: 16
unique: 42, opcode: OPENDIR (27), nodeid: 1, insize: 48, pid: 1810
   unique: 42, success, outsize: 32
unique: 43, opcode: READDIR (28), nodeid: 1, insize: 80, pid: 1810
fuseserver_readdir
get file or dir content  0000000000000001
   unique: 43, success, outsize: 16
unique: 44, opcode: RELEASEDIR (29), nodeid: 1, insize: 64, pid: 0
   unique: 44, success, outsize: 16
unique: 45, opcode: OPENDIR (27), nodeid: 1, insize: 48, pid: 1810
   unique: 45, success, outsize: 32
unique: 46, opcode: READDIR (28), nodeid: 1, insize: 80, pid: 1810
fuseserver_readdir
get file or dir content  0000000000000001
   unique: 46, success, outsize: 16
unique: 47, opcode: RELEASEDIR (29), nodeid: 1, insize: 64, pid: 0
   unique: 47, success, outsize: 16
unique: 48, opcode: OPENDIR (27), nodeid: 1, insize: 48, pid: 1810
   unique: 48, success, outsize: 32
unique: 49, opcode: READDIR (28), nodeid: 1, insize: 80, pid: 1810
fuseserver_readdir
get file or dir content  0000000000000001
   unique: 49, success, outsize: 16
unique: 50, opcode: RELEASEDIR (29), nodeid: 1, insize: 64, pid: 0
   unique: 50, success, outsize: 16
unique: 51, opcode: OPENDIR (27), nodeid: 1, insize: 48, pid: 1810
   unique: 51, success, outsize: 32
unique: 52, opcode: READDIR (28), nodeid: 1, insize: 80, pid: 1810
fuseserver_readdir
get file or dir content  0000000000000001
   unique: 52, success, outsize: 16
unique: 53, opcode: RELEASEDIR (29), nodeid: 1, insize: 64, pid: 0
   unique: 53, success, outsize: 16
unique: 54, opcode: OPENDIR (27), nodeid: 1, insize: 48, pid: 1810
   unique: 54, success, outsize: 32
unique: 55, opcode: READDIR (28), nodeid: 1, insize: 80, pid: 1810
fuseserver_readdir
get file or dir content  0000000000000001
   unique: 55, success, outsize: 16
unique: 56, opcode: RELEASEDIR (29), nodeid: 1, insize: 64, pid: 0
   unique: 56, success, outsize: 16
unique: 57, opcode: OPENDIR (27), nodeid: 1, insize: 48, pid: 1810
   unique: 57, success, outsize: 32
unique: 58, opcode: READDIR (28), nodeid: 1, insize: 80, pid: 1810
fuseserver_readdir
get file or dir content  0000000000000001
   unique: 58, success, outsize: 16
unique: 59, opcode: RELEASEDIR (29), nodeid: 1, insize: 64, pid: 0
   unique: 59, success, outsize: 16
unique: 60, opcode: OPENDIR (27), nodeid: 1, insize: 48, pid: 11961
   unique: 60, success, outsize: 32
unique: 61, opcode: READDIR (28), nodeid: 1, insize: 80, pid: 11967
fuseserver_readdir
get file or dir content  0000000000000001
   unique: 61, success, outsize: 16
unique: 62, opcode: RELEASEDIR (29), nodeid: 1, insize: 64, pid: 0
   unique: 62, success, outsize: 16
unique: 63, opcode: LOOKUP (1), nodeid: 1, insize: 52, pid: 11961
get file or dir content  0000000000000001
   unique: 63, error: -2 (No such file or directory), outsize: 16
unique: 64, opcode: GETATTR (3), nodeid: 1, insize: 56, pid: 10337
getattr 0000000000000001 0
getdir 0000000000000001
   unique: 64, error: -2 (No such file or directory), outsize: 16
unique: 65, opcode: LOOKUP (1), nodeid: 1, insize: 47, pid: 11979
get file or dir content  0000000000000001
getattr 00000000a92aeb6f 1
getfile 00000000a92aeb6f
getfile 00000000a92aeb6f -> sz 15199
   getattr -> 15199
   unique: 65, success, outsize: 144
unique: 66, opcode: OPEN (14), nodeid: 2838162287, insize: 48, pid: 11979
   unique: 66, success, outsize: 32
unique: 67, opcode: IOCTL (39), nodeid: 2838162287, insize: 72, pid: 11979
   unique: 67, error: -38 (Function not implemented), outsize: 16
unique: 68, opcode: GETATTR (3), nodeid: 2838162287, insize: 56, pid: 11979
getattr 00000000a92aeb6f 1
getfile 00000000a92aeb6f
getfile 00000000a92aeb6f -> sz 15199
   getattr -> 15199
   unique: 68, success, outsize: 120
unique: 69, opcode: READ (15), nodeid: 2838162287, insize: 80, pid: 11979
get file or dir content  00000000a92aeb6f
   unique: 69, success, outsize: 15215
unique: 70, opcode: GETATTR (3), nodeid: 2838162287, insize: 56, pid: 11979
getattr 00000000a92aeb6f 1
getfile 00000000a92aeb6f
getfile 00000000a92aeb6f -> sz 15199
   getattr -> 15199
   unique: 70, success, outsize: 120
unique: 71, opcode: GETATTR (3), nodeid: 2838162287, insize: 56, pid: 11979
getattr 00000000a92aeb6f 1
getfile 00000000a92aeb6f
getfile 00000000a92aeb6f -> sz 15199
   getattr -> 15199
   unique: 71, success, outsize: 120
unique: 72, opcode: FLUSH (25), nodeid: 2838162287, insize: 64, pid: 11979
   unique: 72, error: -38 (Function not implemented), outsize: 16
unique: 73, opcode: RELEASE (18), nodeid: 2838162287, insize: 64, pid: 0
   unique: 73, success, outsize: 16
unique: 74, opcode: LOOKUP (1), nodeid: 1, insize: 47, pid: 11979
get file or dir content  0000000000000001
getattr 00000000a99cd021 1
getfile 00000000a99cd021
getfile 00000000a99cd021 -> sz 4111
   getattr -> 4111
   unique: 74, success, outsize: 144
unique: 75, opcode: OPEN (14), nodeid: 2845626401, insize: 48, pid: 11979
   unique: 75, success, outsize: 32
unique: 76, opcode: IOCTL (39), nodeid: 2845626401, insize: 72, pid: 11979
   unique: 76, error: -38 (Function not implemented), outsize: 16
unique: 77, opcode: GETATTR (3), nodeid: 2845626401, insize: 56, pid: 11979
getattr 00000000a99cd021 1
getfile 00000000a99cd021
getfile 00000000a99cd021 -> sz 4111
   getattr -> 4111
   unique: 77, success, outsize: 120
unique: 78, opcode: READ (15), nodeid: 2845626401, insize: 80, pid: 11979
get file or dir content  00000000a99cd021
   unique: 78, success, outsize: 4127
unique: 79, opcode: GETATTR (3), nodeid: 2845626401, insize: 56, pid: 11979
getattr 00000000a99cd021 1
getfile 00000000a99cd021
getfile 00000000a99cd021 -> sz 4111
   getattr -> 4111
   unique: 79, success, outsize: 120
unique: 80, opcode: GETATTR (3), nodeid: 2845626401, insize: 56, pid: 11979
getattr 00000000a99cd021 1
getfile 00000000a99cd021
getfile 00000000a99cd021 -> sz 4111
   getattr -> 4111
   unique: 80, success, outsize: 120
unique: 81, opcode: RELEASE (18), nodeid: 2845626401, insize: 64, pid: 0
   unique: 81, success, outsize: 16
unique: 82, opcode: OPENDIR (27), nodeid: 1, insize: 48, pid: 11979
   unique: 82, success, outsize: 32
unique: 83, opcode: READDIR (28), nodeid: 1, insize: 80, pid: 11979
fuseserver_readdir
get file or dir content  0000000000000001
   unique: 83, success, outsize: 80
unique: 84, opcode: READDIR (28), nodeid: 1, insize: 80, pid: 11979
fuseserver_readdir
get file or dir content  0000000000000001
   unique: 84, success, outsize: 16
unique: 85, opcode: RELEASEDIR (29), nodeid: 1, insize: 64, pid: 0
   unique: 85, success, outsize: 16
unique: 86, opcode: LOOKUP (1), nodeid: 1, insize: 47, pid: 11980
get file or dir content  0000000000000001
getattr 00000000f9190681 1
getfile 00000000f9190681
getfile 00000000f9190681 -> sz 15199
   getattr -> 15199
   unique: 86, success, outsize: 144
unique: 87, opcode: OPEN (14), nodeid: 4179166849, insize: 48, pid: 11980
   unique: 87, success, outsize: 32
unique: 88, opcode: IOCTL (39), nodeid: 4179166849, insize: 72, pid: 11980
   unique: 88, error: -38 (Function not implemented), outsize: 16
unique: 89, opcode: GETATTR (3), nodeid: 4179166849, insize: 56, pid: 11980
getattr 00000000f9190681 1
getfile 00000000f9190681
getfile 00000000f9190681 -> sz 15199
   getattr -> 15199
   unique: 89, success, outsize: 120
unique: 90, opcode: READ (15), nodeid: 4179166849, insize: 80, pid: 11980
get file or dir content  00000000f9190681
   unique: 90, success, outsize: 15215
unique: 91, opcode: GETATTR (3), nodeid: 4179166849, insize: 56, pid: 11980
getattr 00000000f9190681 1
getfile 00000000f9190681
getfile 00000000f9190681 -> sz 15199
   getattr -> 15199
   unique: 91, success, outsize: 120
unique: 92, opcode: GETATTR (3), nodeid: 4179166849, insize: 56, pid: 11980
getattr 00000000f9190681 1
getfile 00000000f9190681
getfile 00000000f9190681 -> sz 15199
   getattr -> 15199
   unique: 92, success, outsize: 120
unique: 93, opcode: RELEASE (18), nodeid: 4179166849, insize: 64, pid: 0
   unique: 93, success, outsize: 16
unique: 94, opcode: LOOKUP (1), nodeid: 1, insize: 47, pid: 11980
get file or dir content  0000000000000001
getattr 00000000df618e5d 1
getfile 00000000df618e5d
getfile 00000000df618e5d -> sz 4111
   getattr -> 4111
   unique: 94, success, outsize: 144
unique: 95, opcode: OPEN (14), nodeid: 3747712605, insize: 48, pid: 11980
   unique: 95, success, outsize: 32
unique: 96, opcode: IOCTL (39), nodeid: 3747712605, insize: 72, pid: 11980
   unique: 96, error: -38 (Function not implemented), outsize: 16
unique: 97, opcode: GETATTR (3), nodeid: 3747712605, insize: 56, pid: 11980
getattr 00000000df618e5d 1
getfile 00000000df618e5d
getfile 00000000df618e5d -> sz 4111
   getattr -> 4111
   unique: 97, success, outsize: 120
unique: 98, opcode: READ (15), nodeid: 3747712605, insize: 80, pid: 11980
get file or dir content  00000000df618e5d
   unique: 98, success, outsize: 4127
unique: 99, opcode: GETATTR (3), nodeid: 3747712605, insize: 56, pid: 11980
getattr 00000000df618e5d 1
getfile 00000000df618e5d
getfile 00000000df618e5d -> sz 4111
   getattr -> 4111
   unique: 99, success, outsize: 120
unique: 100, opcode: GETATTR (3), nodeid: 3747712605, insize: 56, pid: 11980
getattr 00000000df618e5d 1
getfile 00000000df618e5d
getfile 00000000df618e5d -> sz 4111
   getattr -> 4111
   unique: 100, success, outsize: 120
unique: 101, opcode: RELEASE (18), nodeid: 3747712605, insize: 64, pid: 0
   unique: 101, success, outsize: 16
unique: 102, opcode: OPENDIR (27), nodeid: 1, insize: 48, pid: 11980
   unique: 102, success, outsize: 32
unique: 103, opcode: READDIR (28), nodeid: 1, insize: 80, pid: 11980
fuseserver_readdir
get file or dir content  0000000000000001
   unique: 103, success, outsize: 144
unique: 104, opcode: READDIR (28), nodeid: 1, insize: 80, pid: 11980
fuseserver_readdir
get file or dir content  0000000000000001
   unique: 104, success, outsize: 16
unique: 105, opcode: RELEASEDIR (29), nodeid: 1, insize: 64, pid: 0
   unique: 105, success, outsize: 16
unique: 106, opcode: LOOKUP (1), nodeid: 1, insize: 47, pid: 11981
get file or dir content  0000000000000001
getattr 00000000b131acab 1
getfile 00000000b131acab
getfile 00000000b131acab -> sz 15199
   getattr -> 15199
   unique: 106, success, outsize: 144
unique: 107, opcode: OPEN (14), nodeid: 2972822699, insize: 48, pid: 11981
   unique: 107, success, outsize: 32
unique: 108, opcode: IOCTL (39), nodeid: 2972822699, insize: 72, pid: 11981
   unique: 108, error: -38 (Function not implemented), outsize: 16
unique: 109, opcode: GETATTR (3), nodeid: 2972822699, insize: 56, pid: 11981
getattr 00000000b131acab 1
getfile 00000000b131acab
getfile 00000000b131acab -> sz 15199
   getattr -> 15199
   unique: 109, success, outsize: 120
unique: 110, opcode: READ (15), nodeid: 2972822699, insize: 80, pid: 11981
get file or dir content  00000000b131acab
   unique: 110, success, outsize: 15215
unique: 111, opcode: GETATTR (3), nodeid: 2972822699, insize: 56, pid: 11981
getattr 00000000b131acab 1
getfile 00000000b131acab
getfile 00000000b131acab -> sz 15199
   getattr -> 15199
   unique: 111, success, outsize: 120
unique: 112, opcode: GETATTR (3), nodeid: 2972822699, insize: 56, pid: 11981
getattr 00000000b131acab 1
getfile 00000000b131acab
getfile 00000000b131acab -> sz 15199
   getattr -> 15199
   unique: 112, success, outsize: 120
unique: 113, opcode: RELEASE (18), nodeid: 2972822699, insize: 64, pid: 0
   unique: 113, success, outsize: 16
unique: 114, opcode: LOOKUP (1), nodeid: 1, insize: 47, pid: 11981
get file or dir content  0000000000000001
getattr 00000000f6fadfba 1
getfile 00000000f6fadfba
getfile 00000000f6fadfba -> sz 4111
   getattr -> 4111
   unique: 114, success, outsize: 144
unique: 115, opcode: OPEN (14), nodeid: 4143636410, insize: 48, pid: 11981
   unique: 115, success, outsize: 32
unique: 116, opcode: IOCTL (39), nodeid: 4143636410, insize: 72, pid: 11981
   unique: 116, error: -38 (Function not implemented), outsize: 16
unique: 117, opcode: GETATTR (3), nodeid: 4143636410, insize: 56, pid: 11981
getattr 00000000f6fadfba 1
getfile 00000000f6fadfba
getfile 00000000f6fadfba -> sz 4111
   getattr -> 4111
   unique: 117, success, outsize: 120
unique: 118, opcode: READ (15), nodeid: 4143636410, insize: 80, pid: 11981
get file or dir content  00000000f6fadfba
   unique: 118, success, outsize: 4127
unique: 119, opcode: GETATTR (3), nodeid: 4143636410, insize: 56, pid: 11981
getattr 00000000f6fadfba 1
getfile 00000000f6fadfba
getfile 00000000f6fadfba -> sz 4111
   getattr -> 4111
   unique: 119, success, outsize: 120
unique: 120, opcode: GETATTR (3), nodeid: 4143636410, insize: 56, pid: 11981
getattr 00000000f6fadfba 1
getfile 00000000f6fadfba
getfile 00000000f6fadfba -> sz 4111
   getattr -> 4111
   unique: 120, success, outsize: 120
unique: 121, opcode: RELEASE (18), nodeid: 4143636410, insize: 64, pid: 0
   unique: 121, success, outsize: 16
unique: 122, opcode: OPENDIR (27), nodeid: 1, insize: 48, pid: 11981
   unique: 122, success, outsize: 32
unique: 123, opcode: READDIR (28), nodeid: 1, insize: 80, pid: 11981
fuseserver_readdir
get file or dir content  0000000000000001
   unique: 123, success, outsize: 208
unique: 124, opcode: READDIR (28), nodeid: 1, insize: 80, pid: 11981
fuseserver_readdir
get file or dir content  0000000000000001
   unique: 124, success, outsize: 16
unique: 125, opcode: RELEASEDIR (29), nodeid: 1, insize: 64, pid: 0
   unique: 125, success, outsize: 16
unique: 126, opcode: LOOKUP (1), nodeid: 1, insize: 47, pid: 11982
get file or dir content  0000000000000001
getattr 00000000e7a3029e 1
getfile 00000000e7a3029e
getfile 00000000e7a3029e -> sz 15199
   getattr -> 15199
   unique: 126, success, outsize: 144
unique: 127, opcode: OPEN (14), nodeid: 3886219934, insize: 48, pid: 11982
   unique: 127, success, outsize: 32
unique: 128, opcode: IOCTL (39), nodeid: 3886219934, insize: 72, pid: 11982
   unique: 128, error: -38 (Function not implemented), outsize: 16
unique: 129, opcode: GETATTR (3), nodeid: 3886219934, insize: 56, pid: 11982
getattr 00000000e7a3029e 1
getfile 00000000e7a3029e
getfile 00000000e7a3029e -> sz 15199
   getattr -> 15199
   unique: 129, success, outsize: 120
unique: 130, opcode: READ (15), nodeid: 3886219934, insize: 80, pid: 11982
get file or dir content  00000000e7a3029e
   unique: 130, success, outsize: 15215
unique: 131, opcode: GETATTR (3), nodeid: 3886219934, insize: 56, pid: 11982
getattr 00000000e7a3029e 1
getfile 00000000e7a3029e
getfile 00000000e7a3029e -> sz 15199
   getattr -> 15199
   unique: 131, success, outsize: 120
unique: 132, opcode: GETATTR (3), nodeid: 3886219934, insize: 56, pid: 11982
getattr 00000000e7a3029e 1
getfile 00000000e7a3029e
getfile 00000000e7a3029e -> sz 15199
   getattr -> 15199
   unique: 132, success, outsize: 120
unique: 133, opcode: RELEASE (18), nodeid: 3886219934, insize: 64, pid: 0
   unique: 133, success, outsize: 16
unique: 134, opcode: LOOKUP (1), nodeid: 1, insize: 47, pid: 11982
get file or dir content  0000000000000001
getattr 00000000ea90a82b 1
getfile 00000000ea90a82b
getfile 00000000ea90a82b -> sz 4111
   getattr -> 4111
   unique: 134, success, outsize: 144
unique: 135, opcode: OPEN (14), nodeid: 3935348779, insize: 48, pid: 11982
   unique: 135, success, outsize: 32
unique: 136, opcode: IOCTL (39), nodeid: 3935348779, insize: 72, pid: 11982
   unique: 136, error: -38 (Function not implemented), outsize: 16
unique: 137, opcode: GETATTR (3), nodeid: 3935348779, insize: 56, pid: 11982
getattr 00000000ea90a82b 1
getfile 00000000ea90a82b
getfile 00000000ea90a82b -> sz 4111
   getattr -> 4111
   unique: 137, success, outsize: 120
unique: 138, opcode: READ (15), nodeid: 3935348779, insize: 80, pid: 11982
get file or dir content  00000000ea90a82b
   unique: 138, success, outsize: 4127
unique: 139, opcode: GETATTR (3), nodeid: 3935348779, insize: 56, pid: 11982
getattr 00000000ea90a82b 1
getfile 00000000ea90a82b
getfile 00000000ea90a82b -> sz 4111
   getattr -> 4111
   unique: 139, success, outsize: 120
unique: 140, opcode: GETATTR (3), nodeid: 3935348779, insize: 56, pid: 11982
getattr 00000000ea90a82b 1
getfile 00000000ea90a82b
getfile 00000000ea90a82b -> sz 4111
   getattr -> 4111
   unique: 140, success, outsize: 120
unique: 141, opcode: RELEASE (18), nodeid: 3935348779, insize: 64, pid: 0
   unique: 141, success, outsize: 16
unique: 142, opcode: OPENDIR (27), nodeid: 1, insize: 48, pid: 11982
   unique: 142, success, outsize: 32
unique: 143, opcode: READDIR (28), nodeid: 1, insize: 80, pid: 11982
fuseserver_readdir
get file or dir content  0000000000000001
   unique: 143, success, outsize: 272
unique: 144, opcode: READDIR (28), nodeid: 1, insize: 80, pid: 11982
fuseserver_readdir
get file or dir content  0000000000000001
   unique: 144, success, outsize: 16
unique: 145, opcode: RELEASEDIR (29), nodeid: 1, insize: 64, pid: 0
   unique: 145, success, outsize: 16
unique: 146, opcode: LOOKUP (1), nodeid: 1, insize: 47, pid: 11984
get file or dir content  0000000000000001
getattr 00000000cddcb205 1
getfile 00000000cddcb205
getfile 00000000cddcb205 -> sz 15199
   getattr -> 15199
   unique: 146, success, outsize: 144
unique: 147, opcode: OPEN (14), nodeid: 3453792773, insize: 48, pid: 11984
   unique: 147, success, outsize: 32
unique: 148, opcode: IOCTL (39), nodeid: 3453792773, insize: 72, pid: 11984
   unique: 148, error: -38 (Function not implemented), outsize: 16
unique: 149, opcode: GETATTR (3), nodeid: 3453792773, insize: 56, pid: 11984
getattr 00000000cddcb205 1
getfile 00000000cddcb205
getfile 00000000cddcb205 -> sz 15199
   getattr -> 15199
   unique: 149, success, outsize: 120
unique: 150, opcode: READ (15), nodeid: 3453792773, insize: 80, pid: 11984
get file or dir content  00000000cddcb205
   unique: 150, success, outsize: 15215
unique: 151, opcode: GETATTR (3), nodeid: 3453792773, insize: 56, pid: 11984
getattr 00000000cddcb205 1
getfile 00000000cddcb205
getfile 00000000cddcb205 -> sz 15199
   getattr -> 15199
   unique: 151, success, outsize: 120
unique: 152, opcode: GETATTR (3), nodeid: 3453792773, insize: 56, pid: 11984
getattr 00000000cddcb205 1
getfile 00000000cddcb205
getfile 00000000cddcb205 -> sz 15199
   getattr -> 15199
   unique: 152, success, outsize: 120
unique: 153, opcode: RELEASE (18), nodeid: 3453792773, insize: 64, pid: 0
   unique: 153, success, outsize: 16
unique: 154, opcode: LOOKUP (1), nodeid: 1, insize: 47, pid: 11984
get file or dir content  0000000000000001
getattr 00000000957c1b8d 1
getfile 00000000957c1b8d
getfile 00000000957c1b8d -> sz 4111
   getattr -> 4111
   unique: 154, success, outsize: 144
unique: 155, opcode: OPEN (14), nodeid: 2507938701, insize: 48, pid: 11984
   unique: 155, success, outsize: 32
unique: 156, opcode: IOCTL (39), nodeid: 2507938701, insize: 72, pid: 11984
   unique: 156, error: -38 (Function not implemented), outsize: 16
unique: 157, opcode: GETATTR (3), nodeid: 2507938701, insize: 56, pid: 11984
getattr 00000000957c1b8d 1
getfile 00000000957c1b8d
getfile 00000000957c1b8d -> sz 4111
   getattr -> 4111
   unique: 157, success, outsize: 120
unique: 158, opcode: READ (15), nodeid: 2507938701, insize: 80, pid: 11984
get file or dir content  00000000957c1b8d
   unique: 158, success, outsize: 4127
unique: 159, opcode: GETATTR (3), nodeid: 2507938701, insize: 56, pid: 11984
getattr 00000000957c1b8d 1
getfile 00000000957c1b8d
getfile 00000000957c1b8d -> sz 4111
   getattr -> 4111
   unique: 159, success, outsize: 120
unique: 160, opcode: GETATTR (3), nodeid: 2507938701, insize: 56, pid: 11984
getattr 00000000957c1b8d 1
getfile 00000000957c1b8d
getfile 00000000957c1b8d -> sz 4111
   getattr -> 4111
   unique: 160, success, outsize: 120
unique: 161, opcode: RELEASE (18), nodeid: 2507938701, insize: 64, pid: 0
   unique: 161, success, outsize: 16
unique: 162, opcode: OPENDIR (27), nodeid: 1, insize: 48, pid: 11984
   unique: 162, success, outsize: 32
unique: 163, opcode: READDIR (28), nodeid: 1, insize: 80, pid: 11984
fuseserver_readdir
get file or dir content  0000000000000001
   unique: 163, success, outsize: 336
unique: 164, opcode: READDIR (28), nodeid: 1, insize: 80, pid: 11984
fuseserver_readdir
get file or dir content  0000000000000001
   unique: 164, success, outsize: 16
unique: 165, opcode: RELEASEDIR (29), nodeid: 1, insize: 64, pid: 0
   unique: 165, success, outsize: 16
unique: 166, opcode: LOOKUP (1), nodeid: 1, insize: 47, pid: 11985
get file or dir content  0000000000000001
getattr 00000000cb328cea 1
getfile 00000000cb328cea
getfile 00000000cb328cea -> sz 15199
   getattr -> 15199
   unique: 166, success, outsize: 144
unique: 167, opcode: OPEN (14), nodeid: 3409087722, insize: 48, pid: 11985
   unique: 167, success, outsize: 32
unique: 168, opcode: IOCTL (39), nodeid: 3409087722, insize: 72, pid: 11985
   unique: 168, error: -38 (Function not implemented), outsize: 16
unique: 169, opcode: GETATTR (3), nodeid: 3409087722, insize: 56, pid: 11985
getattr 00000000cb328cea 1
getfile 00000000cb328cea
getfile 00000000cb328cea -> sz 15199
   getattr -> 15199
   unique: 169, success, outsize: 120
unique: 170, opcode: READ (15), nodeid: 3409087722, insize: 80, pid: 11985
get file or dir content  00000000cb328cea
   unique: 170, success, outsize: 15215
unique: 171, opcode: GETATTR (3), nodeid: 3409087722, insize: 56, pid: 11985
getattr 00000000cb328cea 1
getfile 00000000cb328cea
getfile 00000000cb328cea -> sz 15199
   getattr -> 15199
   unique: 171, success, outsize: 120
unique: 172, opcode: GETATTR (3), nodeid: 3409087722, insize: 56, pid: 11985
getattr 00000000cb328cea 1
getfile 00000000cb328cea
getfile 00000000cb328cea -> sz 15199
   getattr -> 15199
   unique: 172, success, outsize: 120
unique: 173, opcode: RELEASE (18), nodeid: 3409087722, insize: 64, pid: 0
   unique: 173, success, outsize: 16
unique: 174, opcode: LOOKUP (1), nodeid: 1, insize: 47, pid: 11985
get file or dir content  0000000000000001
getattr 00000000ea149701 1
getfile 00000000ea149701
getfile 00000000ea149701 -> sz 4111
   getattr -> 4111
   unique: 174, success, outsize: 144
unique: 175, opcode: OPEN (14), nodeid: 3927217921, insize: 48, pid: 11985
   unique: 175, success, outsize: 32
unique: 176, opcode: IOCTL (39), nodeid: 3927217921, insize: 72, pid: 11985
   unique: 176, error: -38 (Function not implemented), outsize: 16
unique: 177, opcode: GETATTR (3), nodeid: 3927217921, insize: 56, pid: 11985
getattr 00000000ea149701 1
getfile 00000000ea149701
getfile 00000000ea149701 -> sz 4111
   getattr -> 4111
   unique: 177, success, outsize: 120
unique: 178, opcode: READ (15), nodeid: 3927217921, insize: 80, pid: 11985
get file or dir content  00000000ea149701
   unique: 178, success, outsize: 4127
unique: 179, opcode: GETATTR (3), nodeid: 3927217921, insize: 56, pid: 11985
getattr 00000000ea149701 1
getfile 00000000ea149701
getfile 00000000ea149701 -> sz 4111
   getattr -> 4111
   unique: 179, success, outsize: 120
unique: 180, opcode: GETATTR (3), nodeid: 3927217921, insize: 56, pid: 11985
getattr 00000000ea149701 1
getfile 00000000ea149701
getfile 00000000ea149701 -> sz 4111
   getattr -> 4111
   unique: 180, success, outsize: 120
unique: 181, opcode: RELEASE (18), nodeid: 3927217921, insize: 64, pid: 0
   unique: 181, success, outsize: 16
unique: 182, opcode: OPENDIR (27), nodeid: 1, insize: 48, pid: 11985
   unique: 182, success, outsize: 32
unique: 183, opcode: READDIR (28), nodeid: 1, insize: 80, pid: 11985
fuseserver_readdir
get file or dir content  0000000000000001
   unique: 183, success, outsize: 400
unique: 184, opcode: READDIR (28), nodeid: 1, insize: 80, pid: 11985
fuseserver_readdir
get file or dir content  0000000000000001
   unique: 184, success, outsize: 16
unique: 185, opcode: RELEASEDIR (29), nodeid: 1, insize: 64, pid: 0
   unique: 185, success, outsize: 16
unique: 186, opcode: LOOKUP (1), nodeid: 1, insize: 47, pid: 11986
get file or dir content  0000000000000001
getattr 00000000b8364108 1
getfile 00000000b8364108
getfile 00000000b8364108 -> sz 15199
   getattr -> 15199
   unique: 186, success, outsize: 144
unique: 187, opcode: OPEN (14), nodeid: 3090563336, insize: 48, pid: 11986
   unique: 187, success, outsize: 32
unique: 188, opcode: IOCTL (39), nodeid: 3090563336, insize: 72, pid: 11986
   unique: 188, error: -38 (Function not implemented), outsize: 16
unique: 189, opcode: GETATTR (3), nodeid: 3090563336, insize: 56, pid: 11986
getattr 00000000b8364108 1
getfile 00000000b8364108
getfile 00000000b8364108 -> sz 15199
   getattr -> 15199
   unique: 189, success, outsize: 120
unique: 190, opcode: READ (15), nodeid: 3090563336, insize: 80, pid: 11986
get file or dir content  00000000b8364108
   unique: 190, success, outsize: 15215
unique: 191, opcode: GETATTR (3), nodeid: 3090563336, insize: 56, pid: 11986
getattr 00000000b8364108 1
getfile 00000000b8364108
getfile 00000000b8364108 -> sz 15199
   getattr -> 15199
   unique: 191, success, outsize: 120
unique: 192, opcode: GETATTR (3), nodeid: 3090563336, insize: 56, pid: 11986
getattr 00000000b8364108 1
getfile 00000000b8364108
getfile 00000000b8364108 -> sz 15199
   getattr -> 15199
   unique: 192, success, outsize: 120
unique: 193, opcode: RELEASE (18), nodeid: 3090563336, insize: 64, pid: 0
   unique: 193, success, outsize: 16
unique: 194, opcode: LOOKUP (1), nodeid: 1, insize: 47, pid: 11986
get file or dir content  0000000000000001
getattr 00000000f40fe98f 1
getfile 00000000f40fe98f
getfile 00000000f40fe98f -> sz 4111
   getattr -> 4111
   unique: 194, success, outsize: 144
unique: 195, opcode: OPEN (14), nodeid: 4094683535, insize: 48, pid: 11986
   unique: 195, success, outsize: 32
unique: 196, opcode: IOCTL (39), nodeid: 4094683535, insize: 72, pid: 11986
   unique: 196, error: -38 (Function not implemented), outsize: 16
unique: 197, opcode: GETATTR (3), nodeid: 4094683535, insize: 56, pid: 11986
getattr 00000000f40fe98f 1
getfile 00000000f40fe98f
getfile 00000000f40fe98f -> sz 4111
   getattr -> 4111
   unique: 197, success, outsize: 120
unique: 198, opcode: READ (15), nodeid: 4094683535, insize: 80, pid: 11986
get file or dir content  00000000f40fe98f
   unique: 198, success, outsize: 4127
unique: 199, opcode: GETATTR (3), nodeid: 4094683535, insize: 56, pid: 11986
getattr 00000000f40fe98f 1
getfile 00000000f40fe98f
getfile 00000000f40fe98f -> sz 4111
   getattr -> 4111
   unique: 199, success, outsize: 120
unique: 200, opcode: GETATTR (3), nodeid: 4094683535, insize: 56, pid: 11986
getattr 00000000f40fe98f 1
getfile 00000000f40fe98f
getfile 00000000f40fe98f -> sz 4111
   getattr -> 4111
   unique: 200, success, outsize: 120
unique: 201, opcode: RELEASE (18), nodeid: 4094683535, insize: 64, pid: 0
   unique: 201, success, outsize: 16
unique: 202, opcode: OPENDIR (27), nodeid: 1, insize: 48, pid: 11986
   unique: 202, success, outsize: 32
unique: 203, opcode: READDIR (28), nodeid: 1, insize: 80, pid: 11986
fuseserver_readdir
get file or dir content  0000000000000001
   unique: 203, success, outsize: 464
unique: 204, opcode: READDIR (28), nodeid: 1, insize: 80, pid: 11986
fuseserver_readdir
get file or dir content  0000000000000001
   unique: 204, success, outsize: 16
unique: 205, opcode: RELEASEDIR (29), nodeid: 1, insize: 64, pid: 0
   unique: 205, success, outsize: 16
unique: 206, opcode: LOOKUP (1), nodeid: 1, insize: 47, pid: 11987
get file or dir content  0000000000000001
getattr 00000000aecd6935 1
getfile 00000000aecd6935
getfile 00000000aecd6935 -> sz 15199
   getattr -> 15199
   unique: 206, success, outsize: 144
unique: 207, opcode: OPEN (14), nodeid: 2932697397, insize: 48, pid: 11987
   unique: 207, success, outsize: 32
unique: 208, opcode: IOCTL (39), nodeid: 2932697397, insize: 72, pid: 11987
   unique: 208, error: -38 (Function not implemented), outsize: 16
unique: 209, opcode: GETATTR (3), nodeid: 2932697397, insize: 56, pid: 11987
getattr 00000000aecd6935 1
getfile 00000000aecd6935
getfile 00000000aecd6935 -> sz 15199
   getattr -> 15199
   unique: 209, success, outsize: 120
unique: 210, opcode: READ (15), nodeid: 2932697397, insize: 80, pid: 11987
get file or dir content  00000000aecd6935
   unique: 210, success, outsize: 15215
unique: 211, opcode: GETATTR (3), nodeid: 2932697397, insize: 56, pid: 11987
getattr 00000000aecd6935 1
getfile 00000000aecd6935
getfile 00000000aecd6935 -> sz 15199
   getattr -> 15199
   unique: 211, success, outsize: 120
unique: 212, opcode: GETATTR (3), nodeid: 2932697397, insize: 56, pid: 11987
getattr 00000000aecd6935 1
getfile 00000000aecd6935
getfile 00000000aecd6935 -> sz 15199
   getattr -> 15199
   unique: 212, success, outsize: 120
unique: 213, opcode: RELEASE (18), nodeid: 2932697397, insize: 64, pid: 0
   unique: 213, success, outsize: 16
unique: 214, opcode: LOOKUP (1), nodeid: 1, insize: 47, pid: 11987
get file or dir content  0000000000000001
getattr 00000000fc981bc0 1
getfile 00000000fc981bc0
getfile 00000000fc981bc0 -> sz 4111
   getattr -> 4111
   unique: 214, success, outsize: 144
unique: 215, opcode: OPEN (14), nodeid: 4237827008, insize: 48, pid: 11987
   unique: 215, success, outsize: 32
unique: 216, opcode: IOCTL (39), nodeid: 4237827008, insize: 72, pid: 11987
   unique: 216, error: -38 (Function not implemented), outsize: 16
unique: 217, opcode: GETATTR (3), nodeid: 4237827008, insize: 56, pid: 11987
getattr 00000000fc981bc0 1
getfile 00000000fc981bc0
getfile 00000000fc981bc0 -> sz 4111
   getattr -> 4111
   unique: 217, success, outsize: 120
unique: 218, opcode: READ (15), nodeid: 4237827008, insize: 80, pid: 11987
get file or dir content  00000000fc981bc0
   unique: 218, success, outsize: 4127
unique: 219, opcode: GETATTR (3), nodeid: 4237827008, insize: 56, pid: 11987
getattr 00000000fc981bc0 1
getfile 00000000fc981bc0
getfile 00000000fc981bc0 -> sz 4111
   getattr -> 4111
   unique: 219, success, outsize: 120
unique: 220, opcode: GETATTR (3), nodeid: 4237827008, insize: 56, pid: 11987
getattr 00000000fc981bc0 1
getfile 00000000fc981bc0
getfile 00000000fc981bc0 -> sz 4111
   getattr -> 4111
   unique: 220, success, outsize: 120
unique: 221, opcode: RELEASE (18), nodeid: 4237827008, insize: 64, pid: 0
   unique: 221, success, outsize: 16
unique: 222, opcode: OPENDIR (27), nodeid: 1, insize: 48, pid: 11987
   unique: 222, success, outsize: 32
unique: 223, opcode: READDIR (28), nodeid: 1, insize: 80, pid: 11987
fuseserver_readdir
get file or dir content  0000000000000001
   unique: 223, success, outsize: 528
unique: 224, opcode: READDIR (28), nodeid: 1, insize: 80, pid: 11987
fuseserver_readdir
get file or dir content  0000000000000001
   unique: 224, success, outsize: 16
unique: 225, opcode: RELEASEDIR (29), nodeid: 1, insize: 64, pid: 0
   unique: 225, success, outsize: 16
unique: 226, opcode: LOOKUP (1), nodeid: 1, insize: 45, pid: 12004
get file or dir content  0000000000000001
   unique: 226, error: -2 (No such file or directory), outsize: 16
unique: 227, opcode: LOOKUP (1), nodeid: 1, insize: 45, pid: 12004
get file or dir content  0000000000000001
   unique: 227, error: -2 (No such file or directory), outsize: 16
unique: 228, opcode: LOOKUP (1), nodeid: 1, insize: 45, pid: 12004
get file or dir content  0000000000000001
   unique: 228, error: -2 (No such file or directory), outsize: 16
unique: 229, opcode: OPENDIR (27), nodeid: 1, insize: 48, pid: 12004
   unique: 229, success, outsize: 32
unique: 230, opcode: READDIR (28), nodeid: 1, insize: 80, pid: 12004
fuseserver_readdir
get file or dir content  0000000000000001
   unique: 230, success, outsize: 528
unique: 231, opcode: LOOKUP (1), nodeid: 1, insize: 51, pid: 12004
get file or dir content  0000000000000001
   unique: 231, error: -2 (No such file or directory), outsize: 16
unique: 232, opcode: LOOKUP (1), nodeid: 1, insize: 47, pid: 12004
get file or dir content  0000000000000001
getattr 00000000a92aeb6f 1
getfile 00000000a92aeb6f
getfile 00000000a92aeb6f -> sz 15199
   getattr -> 15199
   unique: 232, success, outsize: 144
unique: 233, opcode: GETATTR (3), nodeid: 2838162287, insize: 56, pid: 12004
getattr 00000000a92aeb6f 1
getfile 00000000a92aeb6f
getfile 00000000a92aeb6f -> sz 15199
   getattr -> 15199
   unique: 233, success, outsize: 120
unique: 234, opcode: LOOKUP (1), nodeid: 1, insize: 47, pid: 12004
get file or dir content  0000000000000001
getattr 00000000a99cd021 1
getfile 00000000a99cd021
getfile 00000000a99cd021 -> sz 4111
   getattr -> 4111
   unique: 234, success, outsize: 144
unique: 235, opcode: GETATTR (3), nodeid: 2845626401, insize: 56, pid: 12004
getattr 00000000a99cd021 1
getfile 00000000a99cd021
getfile 00000000a99cd021 -> sz 4111
   getattr -> 4111
   unique: 235, success, outsize: 120
unique: 236, opcode: LOOKUP (1), nodeid: 1, insize: 47, pid: 12004
get file or dir content  0000000000000001
getattr 00000000f9190681 1
getfile 00000000f9190681
getfile 00000000f9190681 -> sz 15199
   getattr -> 15199
   unique: 236, success, outsize: 144
unique: 237, opcode: GETATTR (3), nodeid: 4179166849, insize: 56, pid: 12004
getattr 00000000f9190681 1
getfile 00000000f9190681
getfile 00000000f9190681 -> sz 15199
   getattr -> 15199
   unique: 237, success, outsize: 120
unique: 238, opcode: LOOKUP (1), nodeid: 1, insize: 47, pid: 12004
get file or dir content  0000000000000001
getattr 00000000df618e5d 1
getfile 00000000df618e5d
getfile 00000000df618e5d -> sz 4111
   getattr -> 4111
   unique: 238, success, outsize: 144
unique: 239, opcode: GETATTR (3), nodeid: 3747712605, insize: 56, pid: 12004
getattr 00000000df618e5d 1
getfile 00000000df618e5d
getfile 00000000df618e5d -> sz 4111
   getattr -> 4111
   unique: 239, success, outsize: 120
unique: 240, opcode: LOOKUP (1), nodeid: 1, insize: 47, pid: 12004
get file or dir content  0000000000000001
getattr 00000000b131acab 1
getfile 00000000b131acab
getfile 00000000b131acab -> sz 15199
   getattr -> 15199
   unique: 240, success, outsize: 144
unique: 241, opcode: GETATTR (3), nodeid: 2972822699, insize: 56, pid: 12004
getattr 00000000b131acab 1
getfile 00000000b131acab
getfile 00000000b131acab -> sz 15199
   getattr -> 15199
   unique: 241, success, outsize: 120
unique: 242, opcode: LOOKUP (1), nodeid: 1, insize: 47, pid: 12004
get file or dir content  0000000000000001
getattr 00000000f6fadfba 1
getfile 00000000f6fadfba
getfile 00000000f6fadfba -> sz 4111
   getattr -> 4111
   unique: 242, success, outsize: 144
unique: 243, opcode: GETATTR (3), nodeid: 4143636410, insize: 56, pid: 12004
getattr 00000000f6fadfba 1
getfile 00000000f6fadfba
getfile 00000000f6fadfba -> sz 4111
   getattr -> 4111
   unique: 243, success, outsize: 120
unique: 244, opcode: LOOKUP (1), nodeid: 1, insize: 47, pid: 12004
get file or dir content  0000000000000001
getattr 00000000e7a3029e 1
getfile 00000000e7a3029e
getfile 00000000e7a3029e -> sz 15199
   getattr -> 15199
   unique: 244, success, outsize: 144
unique: 245, opcode: GETATTR (3), nodeid: 3886219934, insize: 56, pid: 12004
getattr 00000000e7a3029e 1
getfile 00000000e7a3029e
getfile 00000000e7a3029e -> sz 15199
   getattr -> 15199
   unique: 245, success, outsize: 120
unique: 246, opcode: LOOKUP (1), nodeid: 1, insize: 47, pid: 12004
get file or dir content  0000000000000001
getattr 00000000ea90a82b 1
getfile 00000000ea90a82b
getfile 00000000ea90a82b -> sz 4111
   getattr -> 4111
   unique: 246, success, outsize: 144
unique: 247, opcode: GETATTR (3), nodeid: 3935348779, insize: 56, pid: 12004
getattr 00000000ea90a82b 1
getfile 00000000ea90a82b
getfile 00000000ea90a82b -> sz 4111
   getattr -> 4111
   unique: 247, success, outsize: 120
unique: 248, opcode: LOOKUP (1), nodeid: 1, insize: 47, pid: 12004
get file or dir content  0000000000000001
getattr 00000000cddcb205 1
getfile 00000000cddcb205
getfile 00000000cddcb205 -> sz 15199
   getattr -> 15199
   unique: 248, success, outsize: 144
unique: 249, opcode: GETATTR (3), nodeid: 3453792773, insize: 56, pid: 12004
getattr 00000000cddcb205 1
getfile 00000000cddcb205
getfile 00000000cddcb205 -> sz 15199
   getattr -> 15199
   unique: 249, success, outsize: 120
unique: 250, opcode: LOOKUP (1), nodeid: 1, insize: 47, pid: 12004
get file or dir content  0000000000000001
getattr 00000000957c1b8d 1
getfile 00000000957c1b8d
getfile 00000000957c1b8d -> sz 4111
   getattr -> 4111
   unique: 250, success, outsize: 144
unique: 251, opcode: GETATTR (3), nodeid: 2507938701, insize: 56, pid: 12004
getattr 00000000957c1b8d 1
getfile 00000000957c1b8d
getfile 00000000957c1b8d -> sz 4111
   getattr -> 4111
   unique: 251, success, outsize: 120
unique: 252, opcode: LOOKUP (1), nodeid: 1, insize: 47, pid: 12004
get file or dir content  0000000000000001
getattr 00000000cb328cea 1
getfile 00000000cb328cea
getfile 00000000cb328cea -> sz 15199
   getattr -> 15199
   unique: 252, success, outsize: 144
unique: 253, opcode: GETATTR (3), nodeid: 3409087722, insize: 56, pid: 12004
getattr 00000000cb328cea 1
getfile 00000000cb328cea
getfile 00000000cb328cea -> sz 15199
   getattr -> 15199
   unique: 253, success, outsize: 120
unique: 254, opcode: LOOKUP (1), nodeid: 1, insize: 47, pid: 12004
get file or dir content  0000000000000001
getattr 00000000ea149701 1
getfile 00000000ea149701
getfile 00000000ea149701 -> sz 4111
   getattr -> 4111
   unique: 254, success, outsize: 144
unique: 255, opcode: GETATTR (3), nodeid: 3927217921, insize: 56, pid: 12004
getattr 00000000ea149701 1
getfile 00000000ea149701
getfile 00000000ea149701 -> sz 4111
   getattr -> 4111
   unique: 255, success, outsize: 120
unique: 256, opcode: LOOKUP (1), nodeid: 1, insize: 47, pid: 12004
get file or dir content  0000000000000001
getattr 00000000b8364108 1
getfile 00000000b8364108
getfile 00000000b8364108 -> sz 15199
   getattr -> 15199
   unique: 256, success, outsize: 144
unique: 257, opcode: GETATTR (3), nodeid: 3090563336, insize: 56, pid: 12004
getattr 00000000b8364108 1
getfile 00000000b8364108
getfile 00000000b8364108 -> sz 15199
   getattr -> 15199
   unique: 257, success, outsize: 120
unique: 258, opcode: LOOKUP (1), nodeid: 1, insize: 47, pid: 12004
get file or dir content  0000000000000001
getattr 00000000f40fe98f 1
getfile 00000000f40fe98f
getfile 00000000f40fe98f -> sz 4111
   getattr -> 4111
   unique: 258, success, outsize: 144
unique: 259, opcode: GETATTR (3), nodeid: 4094683535, insize: 56, pid: 12004
getattr 00000000f40fe98f 1
getfile 00000000f40fe98f
getfile 00000000f40fe98f -> sz 4111
   getattr -> 4111
   unique: 259, success, outsize: 120
unique: 260, opcode: LOOKUP (1), nodeid: 1, insize: 47, pid: 12004
get file or dir content  0000000000000001
getattr 00000000aecd6935 1
getfile 00000000aecd6935
getfile 00000000aecd6935 -> sz 15199
   getattr -> 15199
   unique: 260, success, outsize: 144
unique: 261, opcode: GETATTR (3), nodeid: 2932697397, insize: 56, pid: 12004
getattr 00000000aecd6935 1
getfile 00000000aecd6935
getfile 00000000aecd6935 -> sz 15199
   getattr -> 15199
   unique: 261, success, outsize: 120
unique: 262, opcode: LOOKUP (1), nodeid: 1, insize: 47, pid: 12004
get file or dir content  0000000000000001
getattr 00000000fc981bc0 1
getfile 00000000fc981bc0
getfile 00000000fc981bc0 -> sz 4111
   getattr -> 4111
   unique: 262, success, outsize: 144
unique: 263, opcode: GETATTR (3), nodeid: 4237827008, insize: 56, pid: 12004
getattr 00000000fc981bc0 1
getfile 00000000fc981bc0
getfile 00000000fc981bc0 -> sz 4111
   getattr -> 4111
   unique: 263, success, outsize: 120
unique: 264, opcode: READDIR (28), nodeid: 1, insize: 80, pid: 12004
fuseserver_readdir
get file or dir content  0000000000000001
   unique: 264, success, outsize: 16
unique: 265, opcode: RELEASEDIR (29), nodeid: 1, insize: 64, pid: 0
   unique: 265, success, outsize: 16
