FUSE library version: 2.9.0
unique: 1, opcode: INIT (26), nodeid: 0, insize: 56, pid: 0
INIT: 7.16
flags=0x0000007b
max_readahead=0x00020000
   INIT: 7.18
   flags=0x00000000
   max_readahead=0x00020000
   max_write=0x00020000
   max_background=0
   congestion_threshold=0
   unique: 1, success, outsize: 40
unique: 2, opcode: LOOKUP (1), nodeid: 1, insize: 47, pid: 1882
get file or dir content  0000000000000001
   unique: 2, error: -2 (No such file or directory), outsize: 16
unique: 3, opcode: LOOKUP (1), nodeid: 1, insize: 52, pid: 1882
get file or dir content  0000000000000001
   unique: 3, error: -2 (No such file or directory), outsize: 16
unique: 4, opcode: LOOKUP (1), nodeid: 1, insize: 57, pid: 7138
get file or dir content  0000000000000001
   unique: 4, error: -2 (No such file or directory), outsize: 16
unique: 5, opcode: OPENDIR (27), nodeid: 1, insize: 48, pid: 1849
   unique: 5, success, outsize: 32
unique: 6, opcode: LOOKUP (1), nodeid: 1, insize: 52, pid: 7139
get file or dir content  0000000000000001
   unique: 6, error: -2 (No such file or directory), outsize: 16
unique: 7, opcode: READDIR (28), nodeid: 1, insize: 80, pid: 1849
fuseserver_readdir
get file or dir content  0000000000000001
   unique: 7, success, outsize: 16
unique: 8, opcode: RELEASEDIR (29), nodeid: 1, insize: 64, pid: 0
   unique: 8, success, outsize: 16
unique: 9, opcode: OPENDIR (27), nodeid: 1, insize: 48, pid: 1849
   unique: 9, success, outsize: 32
unique: 10, opcode: READDIR (28), nodeid: 1, insize: 80, pid: 1849
fuseserver_readdir
get file or dir content  0000000000000001
   unique: 10, success, outsize: 16
unique: 11, opcode: RELEASEDIR (29), nodeid: 1, insize: 64, pid: 0
   unique: 11, success, outsize: 16
unique: 12, opcode: OPENDIR (27), nodeid: 1, insize: 48, pid: 1849
   unique: 12, success, outsize: 32
unique: 13, opcode: READDIR (28), nodeid: 1, insize: 80, pid: 1849
fuseserver_readdir
get file or dir content  0000000000000001
   unique: 13, success, outsize: 16
unique: 14, opcode: RELEASEDIR (29), nodeid: 1, insize: 64, pid: 0
   unique: 14, success, outsize: 16
unique: 15, opcode: OPENDIR (27), nodeid: 1, insize: 48, pid: 1849
   unique: 15, success, outsize: 32
unique: 16, opcode: READDIR (28), nodeid: 1, insize: 80, pid: 1849
fuseserver_readdir
get file or dir content  0000000000000001
   unique: 16, success, outsize: 16
unique: 17, opcode: RELEASEDIR (29), nodeid: 1, insize: 64, pid: 0
   unique: 17, success, outsize: 16
unique: 18, opcode: OPENDIR (27), nodeid: 1, insize: 48, pid: 1849
   unique: 18, success, outsize: 32
unique: 19, opcode: READDIR (28), nodeid: 1, insize: 80, pid: 1849
fuseserver_readdir
get file or dir content  0000000000000001
   unique: 19, success, outsize: 16
unique: 20, opcode: RELEASEDIR (29), nodeid: 1, insize: 64, pid: 0
   unique: 20, success, outsize: 16
unique: 21, opcode: OPENDIR (27), nodeid: 1, insize: 48, pid: 1849
   unique: 21, success, outsize: 32
unique: 22, opcode: READDIR (28), nodeid: 1, insize: 80, pid: 1849
fuseserver_readdir
get file or dir content  0000000000000001
   unique: 22, success, outsize: 16
unique: 23, opcode: RELEASEDIR (29), nodeid: 1, insize: 64, pid: 0
   unique: 23, success, outsize: 16
unique: 24, opcode: OPENDIR (27), nodeid: 1, insize: 48, pid: 1849
   unique: 24, success, outsize: 32
unique: 25, opcode: READDIR (28), nodeid: 1, insize: 80, pid: 1849
fuseserver_readdir
get file or dir content  0000000000000001
   unique: 25, success, outsize: 16
unique: 26, opcode: RELEASEDIR (29), nodeid: 1, insize: 64, pid: 0
   unique: 26, success, outsize: 16
unique: 27, opcode: OPENDIR (27), nodeid: 1, insize: 48, pid: 1849
   unique: 27, success, outsize: 32
unique: 28, opcode: READDIR (28), nodeid: 1, insize: 80, pid: 1849
fuseserver_readdir
get file or dir content  0000000000000001
   unique: 28, success, outsize: 16
unique: 29, opcode: RELEASEDIR (29), nodeid: 1, insize: 64, pid: 0
   unique: 29, success, outsize: 16
unique: 30, opcode: OPENDIR (27), nodeid: 1, insize: 48, pid: 1849
   unique: 30, success, outsize: 32
unique: 31, opcode: READDIR (28), nodeid: 1, insize: 80, pid: 1849
fuseserver_readdir
get file or dir content  0000000000000001
   unique: 31, success, outsize: 16
unique: 32, opcode: RELEASEDIR (29), nodeid: 1, insize: 64, pid: 0
   unique: 32, success, outsize: 16
unique: 33, opcode: OPENDIR (27), nodeid: 1, insize: 48, pid: 1849
   unique: 33, success, outsize: 32
unique: 34, opcode: READDIR (28), nodeid: 1, insize: 80, pid: 1849
fuseserver_readdir
get file or dir content  0000000000000001
   unique: 34, success, outsize: 16
unique: 35, opcode: RELEASEDIR (29), nodeid: 1, insize: 64, pid: 0
   unique: 35, success, outsize: 16
unique: 36, opcode: OPENDIR (27), nodeid: 1, insize: 48, pid: 1849
   unique: 36, success, outsize: 32
unique: 37, opcode: READDIR (28), nodeid: 1, insize: 80, pid: 1849
fuseserver_readdir
get file or dir content  0000000000000001
   unique: 37, success, outsize: 16
unique: 38, opcode: RELEASEDIR (29), nodeid: 1, insize: 64, pid: 0
   unique: 38, success, outsize: 16
unique: 39, opcode: OPENDIR (27), nodeid: 1, insize: 48, pid: 1849
   unique: 39, success, outsize: 32
unique: 40, opcode: READDIR (28), nodeid: 1, insize: 80, pid: 1849
fuseserver_readdir
get file or dir content  0000000000000001
   unique: 40, success, outsize: 16
unique: 41, opcode: RELEASEDIR (29), nodeid: 1, insize: 64, pid: 0
   unique: 41, success, outsize: 16
unique: 42, opcode: OPENDIR (27), nodeid: 1, insize: 48, pid: 1849
   unique: 42, success, outsize: 32
unique: 43, opcode: READDIR (28), nodeid: 1, insize: 80, pid: 1849
fuseserver_readdir
get file or dir content  0000000000000001
   unique: 43, success, outsize: 16
unique: 44, opcode: RELEASEDIR (29), nodeid: 1, insize: 64, pid: 0
   unique: 44, success, outsize: 16
unique: 45, opcode: OPENDIR (27), nodeid: 1, insize: 48, pid: 1849
   unique: 45, success, outsize: 32
unique: 46, opcode: READDIR (28), nodeid: 1, insize: 80, pid: 1849
fuseserver_readdir
get file or dir content  0000000000000001
   unique: 46, success, outsize: 16
unique: 47, opcode: RELEASEDIR (29), nodeid: 1, insize: 64, pid: 0
   unique: 47, success, outsize: 16
unique: 48, opcode: OPENDIR (27), nodeid: 1, insize: 48, pid: 1849
   unique: 48, success, outsize: 32
unique: 49, opcode: READDIR (28), nodeid: 1, insize: 80, pid: 1849
fuseserver_readdir
get file or dir content  0000000000000001
   unique: 49, success, outsize: 16
unique: 50, opcode: RELEASEDIR (29), nodeid: 1, insize: 64, pid: 0
   unique: 50, success, outsize: 16
unique: 51, opcode: OPENDIR (27), nodeid: 1, insize: 48, pid: 1849
   unique: 51, success, outsize: 32
unique: 52, opcode: READDIR (28), nodeid: 1, insize: 80, pid: 1849
fuseserver_readdir
get file or dir content  0000000000000001
   unique: 52, success, outsize: 16
unique: 53, opcode: RELEASEDIR (29), nodeid: 1, insize: 64, pid: 0
   unique: 53, success, outsize: 16
unique: 54, opcode: OPENDIR (27), nodeid: 1, insize: 48, pid: 1849
   unique: 54, success, outsize: 32
unique: 55, opcode: READDIR (28), nodeid: 1, insize: 80, pid: 1849
fuseserver_readdir
get file or dir content  0000000000000001
   unique: 55, success, outsize: 16
unique: 56, opcode: RELEASEDIR (29), nodeid: 1, insize: 64, pid: 0
   unique: 56, success, outsize: 16
unique: 57, opcode: OPENDIR (27), nodeid: 1, insize: 48, pid: 1849
   unique: 57, success, outsize: 32
unique: 58, opcode: READDIR (28), nodeid: 1, insize: 80, pid: 1849
fuseserver_readdir
get file or dir content  0000000000000001
   unique: 58, success, outsize: 16
unique: 59, opcode: RELEASEDIR (29), nodeid: 1, insize: 64, pid: 0
   unique: 59, success, outsize: 16
unique: 60, opcode: OPENDIR (27), nodeid: 1, insize: 48, pid: 7138
   unique: 60, success, outsize: 32
unique: 61, opcode: READDIR (28), nodeid: 1, insize: 80, pid: 7139
fuseserver_readdir
get file or dir content  0000000000000001
   unique: 61, success, outsize: 16
unique: 62, opcode: RELEASEDIR (29), nodeid: 1, insize: 64, pid: 0
   unique: 62, success, outsize: 16
unique: 63, opcode: LOOKUP (1), nodeid: 1, insize: 52, pid: 7138
get file or dir content  0000000000000001
   unique: 63, error: -2 (No such file or directory), outsize: 16
unique: 64, opcode: GETATTR (3), nodeid: 1, insize: 56, pid: 5138
getattr 0000000000000001 0
getdir 0000000000000001
   unique: 64, error: -2 (No such file or directory), outsize: 16
unique: 65, opcode: LOOKUP (1), nodeid: 1, insize: 46, pid: 7157
get file or dir content  0000000000000001
   unique: 65, error: -2 (No such file or directory), outsize: 16
unique: 66, opcode: CREATE (35), nodeid: 1, insize: 62, pid: 7157
get file or dir content  0000000000000001
put 000000009de47721
put 0000000000000001
getattr 000000009de47721 1
getfile 000000009de47721
getfile 000000009de47721 -> sz 0
   getattr -> 0
   unique: 66, success, outsize: 160
unique: 67, opcode: IOCTL (39), nodeid: 2648995617, insize: 72, pid: 7157
   unique: 67, error: -38 (Function not implemented), outsize: 16
unique: 68, opcode: GETATTR (3), nodeid: 2648995617, insize: 56, pid: 7157
getattr 000000009de47721 1
getfile 000000009de47721
getfile 000000009de47721 -> sz 0
   getattr -> 0
   unique: 68, success, outsize: 120
unique: 69, opcode: GETXATTR (22), nodeid: 2648995617, insize: 68, pid: 7157
   unique: 69, error: -38 (Function not implemented), outsize: 16
unique: 70, opcode: WRITE (16), nodeid: 2648995617, insize: 680, pid: 7157
get file or dir content  000000009de47721
put 000000009de47721
   unique: 70, success, outsize: 24
unique: 71, opcode: FLUSH (25), nodeid: 2648995617, insize: 64, pid: 7157
   unique: 71, error: -38 (Function not implemented), outsize: 16
unique: 72, opcode: RELEASE (18), nodeid: 2648995617, insize: 64, pid: 0
   unique: 72, success, outsize: 16
unique: 73, opcode: LOOKUP (1), nodeid: 1, insize: 46, pid: 7157
get file or dir content  0000000000000001
getattr 000000009de47721 1
getfile 000000009de47721
getfile 000000009de47721 -> sz 600
   getattr -> 600
   unique: 73, success, outsize: 144
unique: 74, opcode: OPEN (14), nodeid: 2648995617, insize: 48, pid: 7157
   unique: 74, success, outsize: 32
unique: 75, opcode: IOCTL (39), nodeid: 2648995617, insize: 72, pid: 7157
   unique: 75, error: -38 (Function not implemented), outsize: 16
unique: 76, opcode: GETATTR (3), nodeid: 2648995617, insize: 56, pid: 7157
getattr 000000009de47721 1
getfile 000000009de47721
getfile 000000009de47721 -> sz 600
   getattr -> 600
   unique: 76, success, outsize: 120
unique: 77, opcode: GETATTR (3), nodeid: 2648995617, insize: 56, pid: 7157
getattr 000000009de47721 1
getfile 000000009de47721
getfile 000000009de47721 -> sz 600
   getattr -> 600
   unique: 77, success, outsize: 120
unique: 78, opcode: READ (15), nodeid: 2648995617, insize: 80, pid: 7157
get file or dir content  000000009de47721
   unique: 78, success, outsize: 616
unique: 79, opcode: GETATTR (3), nodeid: 2648995617, insize: 56, pid: 7157
getattr 000000009de47721 1
getfile 000000009de47721
getfile 000000009de47721 -> sz 600
   getattr -> 600
   unique: 79, success, outsize: 120
unique: 80, opcode: RELEASE (18), nodeid: 2648995617, insize: 64, pid: 0
   unique: 80, success, outsize: 16
unique: 81, opcode: LOOKUP (1), nodeid: 1, insize: 46, pid: 7157
get file or dir content  0000000000000001
   unique: 81, error: -2 (No such file or directory), outsize: 16
unique: 82, opcode: CREATE (35), nodeid: 1, insize: 62, pid: 7157
get file or dir content  0000000000000001
put 000000009eb40b91
put 0000000000000001
getattr 000000009eb40b91 1
getfile 000000009eb40b91
getfile 000000009eb40b91 -> sz 0
   getattr -> 0
   unique: 82, success, outsize: 160
unique: 83, opcode: IOCTL (39), nodeid: 2662599569, insize: 72, pid: 7157
   unique: 83, error: -38 (Function not implemented), outsize: 16
unique: 84, opcode: GETATTR (3), nodeid: 2662599569, insize: 56, pid: 7157
getattr 000000009eb40b91 1
getfile 000000009eb40b91
getfile 000000009eb40b91 -> sz 0
   getattr -> 0
   unique: 84, success, outsize: 120
unique: 85, opcode: WRITE (16), nodeid: 2662599569, insize: 4176, pid: 7157
get file or dir content  000000009eb40b91
put 000000009eb40b91
   unique: 85, success, outsize: 24
unique: 86, opcode: WRITE (16), nodeid: 2662599569, insize: 95, pid: 7157
get file or dir content  000000009eb40b91
put 000000009eb40b91
   unique: 86, success, outsize: 24
unique: 87, opcode: RELEASE (18), nodeid: 2662599569, insize: 64, pid: 0
   unique: 87, success, outsize: 16
unique: 88, opcode: LOOKUP (1), nodeid: 1, insize: 46, pid: 7157
get file or dir content  0000000000000001
getattr 000000009eb40b91 1
getfile 000000009eb40b91
getfile 000000009eb40b91 -> sz 4111
   getattr -> 4111
   unique: 88, success, outsize: 144
unique: 89, opcode: OPEN (14), nodeid: 2662599569, insize: 48, pid: 7157
   unique: 89, success, outsize: 32
unique: 90, opcode: IOCTL (39), nodeid: 2662599569, insize: 72, pid: 7157
   unique: 90, error: -38 (Function not implemented), outsize: 16
unique: 91, opcode: GETATTR (3), nodeid: 2662599569, insize: 56, pid: 7157
getattr 000000009eb40b91 1
getfile 000000009eb40b91
getfile 000000009eb40b91 -> sz 4111
   getattr -> 4111
   unique: 91, success, outsize: 120
unique: 92, opcode: READ (15), nodeid: 2662599569, insize: 80, pid: 7157
get file or dir content  000000009eb40b91
   unique: 92, success, outsize: 4127
unique: 93, opcode: GETATTR (3), nodeid: 2662599569, insize: 56, pid: 7157
getattr 000000009eb40b91 1
getfile 000000009eb40b91
getfile 000000009eb40b91 -> sz 4111
   getattr -> 4111
   unique: 93, success, outsize: 120
unique: 94, opcode: GETATTR (3), nodeid: 2662599569, insize: 56, pid: 7157
getattr 000000009eb40b91 1
getfile 000000009eb40b91
getfile 000000009eb40b91 -> sz 4111
   getattr -> 4111
   unique: 94, success, outsize: 120
unique: 95, opcode: RELEASE (18), nodeid: 2662599569, insize: 64, pid: 0
   unique: 95, success, outsize: 16
unique: 96, opcode: LOOKUP (1), nodeid: 1, insize: 46, pid: 7157
get file or dir content  0000000000000001
getattr 000000009de47721 1
getfile 000000009de47721
getfile 000000009de47721 -> sz 600
   getattr -> 600
   unique: 96, success, outsize: 144
unique: 97, opcode: OPEN (14), nodeid: 2648995617, insize: 48, pid: 7157
   unique: 97, success, outsize: 32
unique: 98, opcode: IOCTL (39), nodeid: 2648995617, insize: 72, pid: 7157
   unique: 98, error: -38 (Function not implemented), outsize: 16
unique: 99, opcode: GETATTR (3), nodeid: 2648995617, insize: 56, pid: 7157
getattr 000000009de47721 1
getfile 000000009de47721
getfile 000000009de47721 -> sz 600
   getattr -> 600
   unique: 99, success, outsize: 120
unique: 100, opcode: GETATTR (3), nodeid: 2648995617, insize: 56, pid: 7157
getattr 000000009de47721 1
getfile 000000009de47721
getfile 000000009de47721 -> sz 600
   getattr -> 600
   unique: 100, success, outsize: 120
unique: 101, opcode: READ (15), nodeid: 2648995617, insize: 80, pid: 7157
get file or dir content  000000009de47721
   unique: 101, success, outsize: 616
unique: 102, opcode: GETATTR (3), nodeid: 2648995617, insize: 56, pid: 7157
getattr 000000009de47721 1
getfile 000000009de47721
getfile 000000009de47721 -> sz 600
   getattr -> 600
   unique: 102, success, outsize: 120
unique: 103, opcode: RELEASE (18), nodeid: 2648995617, insize: 64, pid: 0
   unique: 103, success, outsize: 16
unique: 104, opcode: LOOKUP (1), nodeid: 1, insize: 46, pid: 7157
get file or dir content  0000000000000001
getattr 000000009de47721 1
getfile 000000009de47721
getfile 000000009de47721 -> sz 600
   getattr -> 600
   unique: 104, success, outsize: 144
unique: 105, opcode: OPEN (14), nodeid: 2648995617, insize: 48, pid: 7157
   unique: 105, success, outsize: 32
unique: 106, opcode: SETATTR (4), nodeid: 2648995617, insize: 128, pid: 7157
fuseserver_setattr 0x8
   fuseserver_setattr set size to 0
get file or dir content  000000009de47721
put 000000009de47721
getattr 000000009de47721 1
getfile 000000009de47721
getfile 000000009de47721 -> sz 0
   getattr -> 0
   unique: 106, success, outsize: 120
unique: 107, opcode: IOCTL (39), nodeid: 2648995617, insize: 72, pid: 7157
   unique: 107, error: -38 (Function not implemented), outsize: 16
unique: 108, opcode: GETATTR (3), nodeid: 2648995617, insize: 56, pid: 7157
getattr 000000009de47721 1
getfile 000000009de47721
getfile 000000009de47721 -> sz 0
   getattr -> 0
   unique: 108, success, outsize: 120
unique: 109, opcode: WRITE (16), nodeid: 2648995617, insize: 355, pid: 7157
get file or dir content  000000009de47721
put 000000009de47721
   unique: 109, success, outsize: 24
unique: 110, opcode: RELEASE (18), nodeid: 2648995617, insize: 64, pid: 0
   unique: 110, success, outsize: 16
unique: 111, opcode: LOOKUP (1), nodeid: 1, insize: 46, pid: 7157
get file or dir content  0000000000000001
getattr 000000009de47721 1
getfile 000000009de47721
getfile 000000009de47721 -> sz 275
   getattr -> 275
   unique: 111, success, outsize: 144
unique: 112, opcode: OPEN (14), nodeid: 2648995617, insize: 48, pid: 7157
   unique: 112, success, outsize: 32
unique: 113, opcode: IOCTL (39), nodeid: 2648995617, insize: 72, pid: 7157
   unique: 113, error: -38 (Function not implemented), outsize: 16
unique: 114, opcode: GETATTR (3), nodeid: 2648995617, insize: 56, pid: 7157
getattr 000000009de47721 1
getfile 000000009de47721
getfile 000000009de47721 -> sz 275
   getattr -> 275
   unique: 114, success, outsize: 120
unique: 115, opcode: GETATTR (3), nodeid: 2648995617, insize: 56, pid: 7157
getattr 000000009de47721 1
getfile 000000009de47721
getfile 000000009de47721 -> sz 275
   getattr -> 275
   unique: 115, success, outsize: 120
unique: 116, opcode: READ (15), nodeid: 2648995617, insize: 80, pid: 7157
get file or dir content  000000009de47721
   unique: 116, success, outsize: 291
unique: 117, opcode: GETATTR (3), nodeid: 2648995617, insize: 56, pid: 7157
getattr 000000009de47721 1
getfile 000000009de47721
getfile 000000009de47721 -> sz 275
   getattr -> 275
   unique: 117, success, outsize: 120
unique: 118, opcode: RELEASE (18), nodeid: 2648995617, insize: 64, pid: 0
   unique: 118, success, outsize: 16
unique: 119, opcode: LOOKUP (1), nodeid: 1, insize: 46, pid: 7157
get file or dir content  0000000000000001
getattr 000000009eb40b91 1
getfile 000000009eb40b91
getfile 000000009eb40b91 -> sz 4111
   getattr -> 4111
   unique: 119, success, outsize: 144
unique: 120, opcode: OPEN (14), nodeid: 2662599569, insize: 48, pid: 7157
   unique: 120, success, outsize: 32
unique: 121, opcode: IOCTL (39), nodeid: 2662599569, insize: 72, pid: 7157
   unique: 121, error: -38 (Function not implemented), outsize: 16
unique: 122, opcode: GETATTR (3), nodeid: 2662599569, insize: 56, pid: 7157
getattr 000000009eb40b91 1
getfile 000000009eb40b91
getfile 000000009eb40b91 -> sz 4111
   getattr -> 4111
   unique: 122, success, outsize: 120
unique: 123, opcode: READ (15), nodeid: 2662599569, insize: 80, pid: 7157
get file or dir content  000000009eb40b91
   unique: 123, success, outsize: 4127
unique: 124, opcode: GETATTR (3), nodeid: 2662599569, insize: 56, pid: 7157
getattr 000000009eb40b91 1
getfile 000000009eb40b91
getfile 000000009eb40b91 -> sz 4111
   getattr -> 4111
   unique: 124, success, outsize: 120
unique: 125, opcode: GETATTR (3), nodeid: 2662599569, insize: 56, pid: 7157
getattr 000000009eb40b91 1
getfile 000000009eb40b91
getfile 000000009eb40b91 -> sz 4111
   getattr -> 4111
   unique: 125, success, outsize: 120
unique: 126, opcode: RELEASE (18), nodeid: 2662599569, insize: 64, pid: 0
   unique: 126, success, outsize: 16
unique: 127, opcode: LOOKUP (1), nodeid: 1, insize: 46, pid: 7157
get file or dir content  0000000000000001
getattr 000000009de47721 1
getfile 000000009de47721
getfile 000000009de47721 -> sz 275
   getattr -> 275
   unique: 127, success, outsize: 144
unique: 128, opcode: OPEN (14), nodeid: 2648995617, insize: 48, pid: 7157
   unique: 128, success, outsize: 32
unique: 129, opcode: SETATTR (4), nodeid: 2648995617, insize: 128, pid: 7157
fuseserver_setattr 0x8
   fuseserver_setattr set size to 0
get file or dir content  000000009de47721
put 000000009de47721
getattr 000000009de47721 1
getfile 000000009de47721
getfile 000000009de47721 -> sz 0
   getattr -> 0
   unique: 129, success, outsize: 120
unique: 130, opcode: IOCTL (39), nodeid: 2648995617, insize: 72, pid: 7157
   unique: 130, error: -38 (Function not implemented), outsize: 16
unique: 131, opcode: GETATTR (3), nodeid: 2648995617, insize: 56, pid: 7157
getattr 000000009de47721 1
getfile 000000009de47721
getfile 000000009de47721 -> sz 0
   getattr -> 0
   unique: 131, success, outsize: 120
unique: 132, opcode: WRITE (16), nodeid: 2648995617, insize: 4176, pid: 7157
get file or dir content  000000009de47721
put 000000009de47721
   unique: 132, success, outsize: 24
unique: 133, opcode: WRITE (16), nodeid: 2648995617, insize: 4176, pid: 7157
get file or dir content  000000009de47721
put 000000009de47721
   unique: 133, success, outsize: 24
unique: 134, opcode: RELEASE (18), nodeid: 2648995617, insize: 64, pid: 0
   unique: 134, success, outsize: 16
unique: 135, opcode: LOOKUP (1), nodeid: 1, insize: 46, pid: 7157
get file or dir content  0000000000000001
getattr 000000009de47721 1
getfile 000000009de47721
getfile 000000009de47721 -> sz 8192
   getattr -> 8192
   unique: 135, success, outsize: 144
unique: 136, opcode: OPEN (14), nodeid: 2648995617, insize: 48, pid: 7157
   unique: 136, success, outsize: 32
unique: 137, opcode: IOCTL (39), nodeid: 2648995617, insize: 72, pid: 7157
   unique: 137, error: -38 (Function not implemented), outsize: 16
unique: 138, opcode: GETATTR (3), nodeid: 2648995617, insize: 56, pid: 7157
getattr 000000009de47721 1
getfile 000000009de47721
getfile 000000009de47721 -> sz 8192
   getattr -> 8192
   unique: 138, success, outsize: 120
unique: 139, opcode: GETATTR (3), nodeid: 2648995617, insize: 56, pid: 7157
getattr 000000009de47721 1
getfile 000000009de47721
getfile 000000009de47721 -> sz 8192
   getattr -> 8192
   unique: 139, success, outsize: 120
unique: 140, opcode: WRITE (16), nodeid: 2648995617, insize: 4176, pid: 7157
get file or dir content  000000009de47721
put 000000009de47721
   unique: 140, success, outsize: 24
unique: 141, opcode: WRITE (16), nodeid: 2648995617, insize: 2991, pid: 7157
get file or dir content  000000009de47721
put 000000009de47721
   unique: 141, success, outsize: 24
unique: 142, opcode: RELEASE (18), nodeid: 2648995617, insize: 64, pid: 0
   unique: 142, success, outsize: 16
unique: 143, opcode: LOOKUP (1), nodeid: 1, insize: 46, pid: 7157
get file or dir content  0000000000000001
getattr 000000009de47721 1
getfile 000000009de47721
getfile 000000009de47721 -> sz 15199
   getattr -> 15199
   unique: 143, success, outsize: 144
unique: 144, opcode: OPEN (14), nodeid: 2648995617, insize: 48, pid: 7157
   unique: 144, success, outsize: 32
unique: 145, opcode: IOCTL (39), nodeid: 2648995617, insize: 72, pid: 7157
   unique: 145, error: -38 (Function not implemented), outsize: 16
unique: 146, opcode: GETATTR (3), nodeid: 2648995617, insize: 56, pid: 7157
getattr 000000009de47721 1
getfile 000000009de47721
getfile 000000009de47721 -> sz 15199
   getattr -> 15199
   unique: 146, success, outsize: 120
unique: 147, opcode: READ (15), nodeid: 2648995617, insize: 80, pid: 7157
get file or dir content  000000009de47721
   unique: 147, success, outsize: 15215
unique: 148, opcode: GETATTR (3), nodeid: 2648995617, insize: 56, pid: 7157
getattr 000000009de47721 1
getfile 000000009de47721
getfile 000000009de47721 -> sz 15199
   getattr -> 15199
   unique: 148, success, outsize: 120
unique: 149, opcode: GETATTR (3), nodeid: 2648995617, insize: 56, pid: 7157
getattr 000000009de47721 1
getfile 000000009de47721
getfile 000000009de47721 -> sz 15199
   getattr -> 15199
   unique: 149, success, outsize: 120
unique: 150, opcode: RELEASE (18), nodeid: 2648995617, insize: 64, pid: 0
   unique: 150, success, outsize: 16
unique: 151, opcode: LOOKUP (1), nodeid: 1, insize: 46, pid: 7157
get file or dir content  0000000000000001
getattr 000000009de47721 1
getfile 000000009de47721
getfile 000000009de47721 -> sz 15199
   getattr -> 15199
   unique: 151, success, outsize: 144
unique: 152, opcode: OPEN (14), nodeid: 2648995617, insize: 48, pid: 7157
   unique: 152, success, outsize: 32
unique: 153, opcode: IOCTL (39), nodeid: 2648995617, insize: 72, pid: 7157
   unique: 153, error: -38 (Function not implemented), outsize: 16
unique: 154, opcode: GETATTR (3), nodeid: 2648995617, insize: 56, pid: 7157
getattr 000000009de47721 1
getfile 000000009de47721
getfile 000000009de47721 -> sz 15199
   getattr -> 15199
   unique: 154, success, outsize: 120
unique: 155, opcode: WRITE (16), nodeid: 2648995617, insize: 97, pid: 7157
get file or dir content  000000009de47721
put 000000009de47721
   unique: 155, success, outsize: 24
unique: 156, opcode: RELEASE (18), nodeid: 2648995617, insize: 64, pid: 0
   unique: 156, success, outsize: 16
unique: 157, opcode: LOOKUP (1), nodeid: 1, insize: 46, pid: 7157
get file or dir content  0000000000000001
getattr 000000009de47721 1
getfile 000000009de47721
getfile 000000009de47721 -> sz 15199
   getattr -> 15199
   unique: 157, success, outsize: 144
unique: 158, opcode: OPEN (14), nodeid: 2648995617, insize: 48, pid: 7157
   unique: 158, success, outsize: 32
unique: 159, opcode: IOCTL (39), nodeid: 2648995617, insize: 72, pid: 7157
   unique: 159, error: -38 (Function not implemented), outsize: 16
unique: 160, opcode: GETATTR (3), nodeid: 2648995617, insize: 56, pid: 7157
getattr 000000009de47721 1
getfile 000000009de47721
getfile 000000009de47721 -> sz 15199
   getattr -> 15199
   unique: 160, success, outsize: 120
unique: 161, opcode: READ (15), nodeid: 2648995617, insize: 80, pid: 7157
get file or dir content  000000009de47721
   unique: 161, success, outsize: 15215
unique: 162, opcode: GETATTR (3), nodeid: 2648995617, insize: 56, pid: 7157
getattr 000000009de47721 1
getfile 000000009de47721
getfile 000000009de47721 -> sz 15199
   getattr -> 15199
   unique: 162, success, outsize: 120
unique: 163, opcode: GETATTR (3), nodeid: 2648995617, insize: 56, pid: 7157
getattr 000000009de47721 1
getfile 000000009de47721
getfile 000000009de47721 -> sz 15199
   getattr -> 15199
   unique: 163, success, outsize: 120
unique: 164, opcode: RELEASE (18), nodeid: 2648995617, insize: 64, pid: 0
   unique: 164, success, outsize: 16
unique: 165, opcode: LOOKUP (1), nodeid: 1, insize: 49, pid: 7157
get file or dir content  0000000000000001
   unique: 165, error: -2 (No such file or directory), outsize: 16
unique: 166, opcode: OPENDIR (27), nodeid: 1, insize: 48, pid: 7157
   unique: 166, success, outsize: 32
unique: 167, opcode: READDIR (28), nodeid: 1, insize: 80, pid: 7157
fuseserver_readdir
get file or dir content  0000000000000001
   unique: 167, success, outsize: 80
unique: 168, opcode: READDIR (28), nodeid: 1, insize: 80, pid: 7157
fuseserver_readdir
get file or dir content  0000000000000001
   unique: 168, success, outsize: 16
unique: 169, opcode: RELEASEDIR (29), nodeid: 1, insize: 64, pid: 0
   unique: 169, success, outsize: 16
unique: 170, opcode: FORGET (2), nodeid: 2662599569, insize: 48, pid: 0
unique: 171, opcode: FORGET (2), nodeid: 2648995617, insize: 48, pid: 0
